<?xml version="1.0" encoding="UTF-8"?>
<!-- Generated by org.testng.reporters.JUnitXMLReporter -->
<testsuite hostname="vliu" ignored="0" name="Default test" tests="3" failures="0" timestamp="13 Dec 2019 09:11:57 GMT" time="4.616" errors="0">
  <testcase name="testAdd" time="0.005" classname="SeleniumAutomation.AutomationTest.TestNGDemTest"/>
  <testcase name="OpenHomePage" time="4.568" classname="SeleniumAutomation.AutomationTest.DemoSeleniumTest"/>
  <testcase name="f" time="0.001" classname="SeleniumAutomation.AutomationTest.NewTest"/>
</testsuite> <!-- Default test -->
