<?xml version="1.0" encoding="UTF-8"?>
<!-- Generated by org.testng.reporters.JUnitXMLReporter -->
<testsuite hostname="vliu" name="Test" tests="3" failures="0" timestamp="10 Dec 2019 12:17:32 GMT" time="0.03" errors="0">
  <testcase name="f" time="0.01" classname="SeleniumAutomation.AutomationTest.NewTest"/>
  <testcase name="testAdd" time="0.001" classname="SeleniumAutomation.AutomationTest.TestNGDemTest"/>
  <testcase name="f" time="0.001" classname="SeleniumAutomation.AutomationTest.NewTest1"/>
</testsuite> <!-- Test -->
