<?xml version="1.0" encoding="UTF-8"?>
<!-- Generated by org.testng.reporters.JUnitXMLReporter -->
<testsuite hostname="vmwx64apxqa11" ignored="0" name="Test" tests="3" failures="0" timestamp="2019-12-10T21:26:29 PST" time="0.087" errors="0">
  <testcase name="f" time="0.015" classname="SeleniumAutomation.AutomationTest.NewTest"/>
  <testcase name="testAdd" time="0.002" classname="SeleniumAutomation.AutomationTest.TestNGDemTest"/>
  <testcase name="f" time="0.001" classname="SeleniumAutomation.AutomationTest.NewTest1"/>
</testsuite> <!-- Test -->
